<?xml version="1.0" encoding="UTF-8"?>
<testng-results skipped="0" failed="0" total="1" passed="1">
  <reporter-output>
  </reporter-output>
  <suite name="Surefire suite" duration-ms="16963" started-at="2016-07-18T03:23:16Z" finished-at="2016-07-18T03:23:33Z">
    <groups>
    </groups>
    <test name="Surefire test" duration-ms="16963" started-at="2016-07-18T03:23:16Z" finished-at="2016-07-18T03:23:33Z">
      <class name="com.xinma.base.tag.TagBuilderTest">
        <test-method status="PASS" signature="codeVersion1Test()[pri:0, instance:com.xinma.base.tag.TagBuilderTest@1888ff2c]" name="codeVersion1Test" duration-ms="16944" started-at="2016-07-18T11:23:16Z" finished-at="2016-07-18T11:23:33Z">
          <reporter-output>
          </reporter-output>
        </test-method> <!-- codeVersion1Test -->
      </class> <!-- com.xinma.base.tag.TagBuilderTest -->
    </test> <!-- Surefire test -->
  </suite> <!-- Surefire suite -->
</testng-results>
