<?xml version="1.0" encoding="UTF-8"?>
<testng-results skipped="0" failed="0" total="1" passed="1">
  <reporter-output>
  </reporter-output>
  <suite name="Default suite" duration-ms="26741" started-at="2016-06-09T13:06:42Z" finished-at="2016-06-09T13:07:09Z">
    <groups>
    </groups>
    <test name="Default test" duration-ms="26741" started-at="2016-06-09T13:06:42Z" finished-at="2016-06-09T13:07:09Z">
      <class name="com.xinma.base.tag.TagBuilderTest">
        <test-method status="PASS" signature="codeVersion1Test()[pri:0, instance:com.xinma.base.tag.TagBuilderTest@97e1986]" name="codeVersion1Test" duration-ms="26711" started-at="2016-06-09T21:06:42Z" finished-at="2016-06-09T21:07:09Z">
          <reporter-output>
          </reporter-output>
        </test-method> <!-- codeVersion1Test -->
      </class> <!-- com.xinma.base.tag.TagBuilderTest -->
    </test> <!-- Default test -->
  </suite> <!-- Default suite -->
</testng-results>
